mobile-app/platforms/android/app/build/intermediates/manifest_merge_blame_file/release/processReleaseMainManifest/manifest-merger-blame-release-report.txt
1<?xml version="1.0" encoding="utf-8"?>
2<manifest xmlns:android="http://schemas.android.com/apk/res/android"
3    package="org.nativescript.vodafonecashmonitor"
4    android:versionCode="1"
5    android:versionName="1.0.0" >
6
7    <uses-sdk
8        android:minSdkVersion="23"
9        android:targetSdkVersion="34" />
10
11    <supports-screens
11-->src/main/AndroidManifest.xml:5:5-9:39
12        android:largeScreens="true"
12-->src/main/AndroidManifest.xml:8:9-36
13        android:normalScreens="true"
13-->src/main/AndroidManifest.xml:7:9-37
14        android:smallScreens="true"
14-->src/main/AndroidManifest.xml:6:9-36
15        android:xlargeScreens="true" />
15-->src/main/AndroidManifest.xml:9:9-37
16
17    <uses-permission
17-->src/main/AndroidManifest.xml:11:5-79
18        android:name="android.permission.READ_EXTERNAL_STORAGE"
18-->src/main/AndroidManifest.xml:11:22-77
19        android:maxSdkVersion="28" />
19-->[:widgets-release:] AndroidManifest.xml:11:9-35
20    <uses-permission
20-->src/main/AndroidManifest.xml:12:5-80
21        android:name="android.permission.WRITE_EXTERNAL_STORAGE"
21-->src/main/AndroidManifest.xml:12:22-78
22        android:maxSdkVersion="28" />
22-->[:widgets-release:] AndroidManifest.xml:14:9-35
23    <uses-permission android:name="android.permission.INTERNET" />
23-->src/main/AndroidManifest.xml:13:5-66
23-->src/main/AndroidManifest.xml:13:22-64
24    <uses-permission android:name="android.permission.ACCESS_NETWORK_STATE" />
24-->src/main/AndroidManifest.xml:14:5-78
24-->src/main/AndroidManifest.xml:14:22-76
25    <uses-permission android:name="android.permission.RECEIVE_SMS" />
25-->src/main/AndroidManifest.xml:15:5-69
25-->src/main/AndroidManifest.xml:15:22-67
26    <uses-permission android:name="android.permission.READ_SMS" />
26-->src/main/AndroidManifest.xml:16:5-66
26-->src/main/AndroidManifest.xml:16:22-64
27    <uses-permission android:name="android.permission.READ_PHONE_STATE" />
28
29    <application
29-->src/main/AndroidManifest.xml:18:5-44:19
30        android:name="com.tns.NativeScriptApplication"
30-->src/main/AndroidManifest.xml:19:9-55
31        android:allowBackup="true"
31-->src/main/AndroidManifest.xml:20:9-35
32        android:appComponentFactory="androidx.core.app.CoreComponentFactory"
32-->[androidx.core:core:1.8.0] AndroidManifest.xml:24:18-86
33        android:extractNativeLibs="false"
34        android:hardwareAccelerated="true"
34-->src/main/AndroidManifest.xml:24:9-43
35        android:icon="@mipmap/ic_launcher"
35-->src/main/AndroidManifest.xml:21:9-43
36        android:label="@string/app_name"
36-->src/main/AndroidManifest.xml:22:9-41
37        android:theme="@style/AppTheme"
37-->src/main/AndroidManifest.xml:23:9-40
38        android:usesCleartextTraffic="true" >
38-->src/main/AndroidManifest.xml:25:9-44
39        <activity
39-->src/main/AndroidManifest.xml:27:9-42:20
40            android:name="com.tns.NativeScriptActivity"
40-->src/main/AndroidManifest.xml:28:13-56
41            android:configChanges="keyboard|keyboardHidden|orientation|screenSize|smallestScreenSize|screenLayout|locale|uiMode"
41-->src/main/AndroidManifest.xml:30:13-129
42            android:exported="true"
42-->src/main/AndroidManifest.xml:34:13-36
43            android:hardwareAccelerated="true"
43-->src/main/AndroidManifest.xml:32:13-47
44            android:label="@string/title_activity_kimera"
44-->src/main/AndroidManifest.xml:29:13-58
45            android:launchMode="singleTask"
45-->src/main/AndroidManifest.xml:33:13-44
46            android:theme="@style/LaunchScreenTheme" >
46-->src/main/AndroidManifest.xml:31:13-53
47            <meta-data
47-->src/main/AndroidManifest.xml:36:13-96
48                android:name="SET_THEME_ON_LAUNCH"
48-->src/main/AndroidManifest.xml:36:24-58
49                android:resource="@style/AppTheme" />
49-->src/main/AndroidManifest.xml:36:59-93
50
51            <intent-filter>
51-->src/main/AndroidManifest.xml:38:13-41:29
52                <action android:name="android.intent.action.MAIN" />
52-->src/main/AndroidManifest.xml:39:17-69
52-->src/main/AndroidManifest.xml:39:25-66
53
54                <category android:name="android.intent.category.LAUNCHER" />
54-->src/main/AndroidManifest.xml:40:17-77
54-->src/main/AndroidManifest.xml:40:27-74
55            </intent-filter>
56        </activity>
57        <activity android:name="com.tns.ErrorReportActivity" />
57-->src/main/AndroidManifest.xml:43:9-63
57-->src/main/AndroidManifest.xml:43:19-61
58
59        <provider
59-->[androidx.emoji2:emoji2:1.2.0] AndroidManifest.xml:24:9-32:20
60            android:name="androidx.startup.InitializationProvider"
60-->[androidx.emoji2:emoji2:1.2.0] AndroidManifest.xml:25:13-67
61            android:authorities="org.nativescript.vodafonecashmonitor.androidx-startup"
61-->[androidx.emoji2:emoji2:1.2.0] AndroidManifest.xml:26:13-68
62            android:exported="false" >
62-->[androidx.emoji2:emoji2:1.2.0] AndroidManifest.xml:27:13-37
63            <meta-data
63-->[androidx.emoji2:emoji2:1.2.0] AndroidManifest.xml:29:13-31:52
64                android:name="androidx.emoji2.text.EmojiCompatInitializer"
64-->[androidx.emoji2:emoji2:1.2.0] AndroidManifest.xml:30:17-75
65                android:value="androidx.startup" />
65-->[androidx.emoji2:emoji2:1.2.0] AndroidManifest.xml:31:17-49
66            <meta-data
66-->[androidx.lifecycle:lifecycle-process:2.4.1] AndroidManifest.xml:31:13-33:52
67                android:name="androidx.lifecycle.ProcessLifecycleInitializer"
67-->[androidx.lifecycle:lifecycle-process:2.4.1] AndroidManifest.xml:32:17-78
68                android:value="androidx.startup" />
68-->[androidx.lifecycle:lifecycle-process:2.4.1] AndroidManifest.xml:33:17-49
69        </provider>
70    </application>
71
72</manifest>